15-May-2021 17:39:25.003 INFO [main] org.apache.catalina.startup.VersionLoggerListener.log Server version name:   Apache Tomcat/10.0.5
15-May-2021 17:39:25.010 INFO [main] org.apache.catalina.startup.VersionLoggerListener.log Server built:          Mar 30 2021 08:19:50 UTC
15-May-2021 17:39:25.011 INFO [main] org.apache.catalina.startup.VersionLoggerListener.log Server version number: 10.0.5.0
15-May-2021 17:39:25.012 INFO [main] org.apache.catalina.startup.VersionLoggerListener.log OS Name:               Windows 10
15-May-2021 17:39:25.012 INFO [main] org.apache.catalina.startup.VersionLoggerListener.log OS Version:            10.0
15-May-2021 17:39:25.012 INFO [main] org.apache.catalina.startup.VersionLoggerListener.log Architecture:          amd64
15-May-2021 17:39:25.013 INFO [main] org.apache.catalina.startup.VersionLoggerListener.log Java Home:             C:\Program Files\Java\jdk-12.0.2
15-May-2021 17:39:25.013 INFO [main] org.apache.catalina.startup.VersionLoggerListener.log JVM Version:           12.0.2+10
15-May-2021 17:39:25.013 INFO [main] org.apache.catalina.startup.VersionLoggerListener.log JVM Vendor:            Oracle Corporation
15-May-2021 17:39:25.014 INFO [main] org.apache.catalina.startup.VersionLoggerListener.log CATALINA_BASE:         C:\Users\dayan\Desktop\java\tomcat
15-May-2021 17:39:25.014 INFO [main] org.apache.catalina.startup.VersionLoggerListener.log CATALINA_HOME:         C:\Users\dayan\Desktop\java\tomcat
15-May-2021 17:39:25.162 INFO [main] org.apache.catalina.startup.VersionLoggerListener.log Command line argument: --add-opens=java.base/java.lang=ALL-UNNAMED
15-May-2021 17:39:25.164 INFO [main] org.apache.catalina.startup.VersionLoggerListener.log Command line argument: --add-opens=java.base/java.io=ALL-UNNAMED
15-May-2021 17:39:25.165 INFO [main] org.apache.catalina.startup.VersionLoggerListener.log Command line argument: --add-opens=java.base/java.util=ALL-UNNAMED
15-May-2021 17:39:25.166 INFO [main] org.apache.catalina.startup.VersionLoggerListener.log Command line argument: --add-opens=java.base/java.util.concurrent=ALL-UNNAMED
15-May-2021 17:39:25.167 INFO [main] org.apache.catalina.startup.VersionLoggerListener.log Command line argument: --add-opens=java.rmi/sun.rmi.transport=ALL-UNNAMED
15-May-2021 17:39:25.169 INFO [main] org.apache.catalina.startup.VersionLoggerListener.log Command line argument: -Djava.util.logging.config.file=C:\Users\dayan\Desktop\java\tomcat\conf\logging.properties
15-May-2021 17:39:25.171 INFO [main] org.apache.catalina.startup.VersionLoggerListener.log Command line argument: -Djava.util.logging.manager=org.apache.juli.ClassLoaderLogManager
15-May-2021 17:39:25.171 INFO [main] org.apache.catalina.startup.VersionLoggerListener.log Command line argument: -Djdk.tls.ephemeralDHKeySize=2048
15-May-2021 17:39:25.184 INFO [main] org.apache.catalina.startup.VersionLoggerListener.log Command line argument: -Djava.protocol.handler.pkgs=org.apache.catalina.webresources
15-May-2021 17:39:25.185 INFO [main] org.apache.catalina.startup.VersionLoggerListener.log Command line argument: -Dignore.endorsed.dirs=
15-May-2021 17:39:25.187 INFO [main] org.apache.catalina.startup.VersionLoggerListener.log Command line argument: -Dcatalina.base=C:\Users\dayan\Desktop\java\tomcat
15-May-2021 17:39:25.189 INFO [main] org.apache.catalina.startup.VersionLoggerListener.log Command line argument: -Dcatalina.home=C:\Users\dayan\Desktop\java\tomcat
15-May-2021 17:39:25.192 INFO [main] org.apache.catalina.startup.VersionLoggerListener.log Command line argument: -Djava.io.tmpdir=C:\Users\dayan\Desktop\java\tomcat\temp
15-May-2021 17:39:25.247 INFO [main] org.apache.catalina.core.AprLifecycleListener.lifecycleEvent Loaded Apache Tomcat Native library [1.2.27] using APR version [1.7.0].
15-May-2021 17:39:25.248 INFO [main] org.apache.catalina.core.AprLifecycleListener.lifecycleEvent APR capabilities: IPv6 [true], sendfile [true], accept filters [false], random [true], UDS [true].
15-May-2021 17:39:25.300 INFO [main] org.apache.catalina.core.AprLifecycleListener.initializeSSL OpenSSL successfully initialized [OpenSSL 1.1.1k  25 Mar 2021]
15-May-2021 17:39:26.475 INFO [main] org.apache.coyote.AbstractProtocol.init Initializing ProtocolHandler ["http-nio-9999"]
15-May-2021 17:39:26.544 INFO [main] org.apache.catalina.startup.Catalina.load Server initialization in [2172] milliseconds
15-May-2021 17:39:26.702 INFO [main] org.apache.catalina.core.StandardService.startInternal Starting service [Catalina]
15-May-2021 17:39:26.704 INFO [main] org.apache.catalina.core.StandardEngine.startInternal Starting Servlet engine: [Apache Tomcat/10.0.5]
15-May-2021 17:39:26.726 INFO [main] org.apache.catalina.startup.HostConfig.deployDirectory Deploying web application directory [C:\Users\dayan\Desktop\java\tomcat\webapps\docs]
15-May-2021 17:39:28.480 INFO [main] org.apache.jasper.servlet.TldScanner.scanJars At least one JAR was scanned for TLDs yet contained no TLDs. Enable debug logging for this logger for a complete list of JARs that were scanned but no TLDs were found in them. Skipping unneeded JARs during scanning can improve startup time and JSP compilation time.
15-May-2021 17:39:29.266 WARNING [main] org.apache.catalina.util.SessionIdGeneratorBase.createSecureRandom Creation of SecureRandom instance for session ID generation using [SHA1PRNG] took [722] milliseconds.
15-May-2021 17:39:29.363 INFO [main] org.apache.catalina.startup.HostConfig.deployDirectory Deployment of web application directory [C:\Users\dayan\Desktop\java\tomcat\webapps\docs] has finished in [2,637] ms
15-May-2021 17:39:29.363 INFO [main] org.apache.catalina.startup.HostConfig.deployDirectory Deploying web application directory [C:\Users\dayan\Desktop\java\tomcat\webapps\ebookshop]
15-May-2021 17:39:30.561 INFO [main] org.apache.jasper.servlet.TldScanner.scanJars At least one JAR was scanned for TLDs yet contained no TLDs. Enable debug logging for this logger for a complete list of JARs that were scanned but no TLDs were found in them. Skipping unneeded JARs during scanning can improve startup time and JSP compilation time.
15-May-2021 17:39:30.617 INFO [main] org.apache.catalina.startup.HostConfig.deployDirectory Deployment of web application directory [C:\Users\dayan\Desktop\java\tomcat\webapps\ebookshop] has finished in [1,254] ms
15-May-2021 17:39:30.622 INFO [main] org.apache.catalina.startup.HostConfig.deployDirectory Deploying web application directory [C:\Users\dayan\Desktop\java\tomcat\webapps\examples]
15-May-2021 17:39:33.284 INFO [main] org.apache.jasper.servlet.TldScanner.scanJars At least one JAR was scanned for TLDs yet contained no TLDs. Enable debug logging for this logger for a complete list of JARs that were scanned but no TLDs were found in them. Skipping unneeded JARs during scanning can improve startup time and JSP compilation time.
15-May-2021 17:39:33.435 INFO [main] org.apache.catalina.startup.HostConfig.deployDirectory Deployment of web application directory [C:\Users\dayan\Desktop\java\tomcat\webapps\examples] has finished in [2,813] ms
15-May-2021 17:39:33.437 INFO [main] org.apache.catalina.startup.HostConfig.deployDirectory Deploying web application directory [C:\Users\dayan\Desktop\java\tomcat\webapps\hello]
15-May-2021 17:39:34.447 INFO [main] org.apache.jasper.servlet.TldScanner.scanJars At least one JAR was scanned for TLDs yet contained no TLDs. Enable debug logging for this logger for a complete list of JARs that were scanned but no TLDs were found in them. Skipping unneeded JARs during scanning can improve startup time and JSP compilation time.
15-May-2021 17:39:34.462 INFO [main] org.apache.catalina.startup.HostConfig.deployDirectory Deployment of web application directory [C:\Users\dayan\Desktop\java\tomcat\webapps\hello] has finished in [1,024] ms
15-May-2021 17:39:34.463 INFO [main] org.apache.catalina.startup.HostConfig.deployDirectory Deploying web application directory [C:\Users\dayan\Desktop\java\tomcat\webapps\host-manager]
15-May-2021 17:39:35.447 INFO [main] org.apache.jasper.servlet.TldScanner.scanJars At least one JAR was scanned for TLDs yet contained no TLDs. Enable debug logging for this logger for a complete list of JARs that were scanned but no TLDs were found in them. Skipping unneeded JARs during scanning can improve startup time and JSP compilation time.
15-May-2021 17:39:35.482 INFO [main] org.apache.catalina.startup.HostConfig.deployDirectory Deployment of web application directory [C:\Users\dayan\Desktop\java\tomcat\webapps\host-manager] has finished in [1,019] ms
15-May-2021 17:39:35.483 INFO [main] org.apache.catalina.startup.HostConfig.deployDirectory Deploying web application directory [C:\Users\dayan\Desktop\java\tomcat\webapps\manager]
15-May-2021 17:39:36.517 INFO [main] org.apache.jasper.servlet.TldScanner.scanJars At least one JAR was scanned for TLDs yet contained no TLDs. Enable debug logging for this logger for a complete list of JARs that were scanned but no TLDs were found in them. Skipping unneeded JARs during scanning can improve startup time and JSP compilation time.
15-May-2021 17:39:36.534 INFO [main] org.apache.catalina.startup.HostConfig.deployDirectory Deployment of web application directory [C:\Users\dayan\Desktop\java\tomcat\webapps\manager] has finished in [1,051] ms
15-May-2021 17:39:36.541 INFO [main] org.apache.catalina.startup.HostConfig.deployDirectory Deploying web application directory [C:\Users\dayan\Desktop\java\tomcat\webapps\ROOT]
15-May-2021 17:39:37.513 INFO [main] org.apache.jasper.servlet.TldScanner.scanJars At least one JAR was scanned for TLDs yet contained no TLDs. Enable debug logging for this logger for a complete list of JARs that were scanned but no TLDs were found in them. Skipping unneeded JARs during scanning can improve startup time and JSP compilation time.
15-May-2021 17:39:37.521 INFO [main] org.apache.catalina.startup.HostConfig.deployDirectory Deployment of web application directory [C:\Users\dayan\Desktop\java\tomcat\webapps\ROOT] has finished in [987] ms
15-May-2021 17:39:37.533 INFO [main] org.apache.coyote.AbstractProtocol.start Starting ProtocolHandler ["http-nio-9999"]
15-May-2021 17:39:38.145 INFO [main] org.apache.catalina.startup.Catalina.start Server startup in [11599] milliseconds
