14-May-2021 11:37:51.377 INFO [main] org.apache.catalina.core.ApplicationContext.log ContextListener: contextInitialized()
14-May-2021 11:37:51.377 INFO [main] org.apache.catalina.core.ApplicationContext.log SessionListener: contextInitialized()
14-May-2021 11:37:51.399 INFO [main] org.apache.catalina.core.ApplicationContext.log ContextListener: attributeAdded('StockTicker', 'async.Stockticker@192d74fb')
14-May-2021 11:40:51.760 INFO [http-nio-9999-exec-2] org.apache.catalina.core.ApplicationContext.log ContextListener: attributeAdded('org.apache.jasper.runtime.JspApplicationContextImpl', 'org.apache.jasper.runtime.JspApplicationContextImpl@51b3e675')
14-May-2021 11:40:51.777 INFO [http-nio-9999-exec-2] org.apache.catalina.core.ApplicationContext.log ContextListener: attributeAdded('org.apache.jasper.compiler.ELInterpreter', 'org.apache.jasper.compiler.ELInterpreterFactory$DefaultELInterpreter@4cacb019')
14-May-2021 11:40:51.778 INFO [http-nio-9999-exec-2] org.apache.catalina.core.ApplicationContext.log ContextListener: attributeAdded('org.apache.jasper.compiler.StringInterpreter', 'org.apache.jasper.compiler.StringInterpreterFactory$DefaultStringInterpreter@6c46acb1')
14-May-2021 11:40:52.113 INFO [http-nio-9999-exec-2] org.apache.catalina.core.ApplicationContext.log SessionListener: sessionCreated('7D62DCE1A2285115D33B376B3406A004')
14-May-2021 11:41:22.297 INFO [http-nio-9999-exec-7] org.apache.catalina.core.ApplicationContext.log SessionListener: attributeAdded('7D62DCE1A2285115D33B376B3406A004', 'cart', 'sessions.DummyCart@4e1c6549')
14-May-2021 11:45:28.947 INFO [main] org.apache.catalina.core.ApplicationContext.log SessionListener: sessionDestroyed('EA238705184FFBFC8D77FAE6D66716A0')
14-May-2021 11:45:28.947 INFO [main] org.apache.catalina.core.ApplicationContext.log SessionListener: attributeRemoved('EA238705184FFBFC8D77FAE6D66716A0', 'cart', 'sessions.DummyCart@4e1c6549')
14-May-2021 11:45:28.962 INFO [main] org.apache.catalina.core.ApplicationContext.log SessionListener: contextDestroyed()
14-May-2021 11:45:28.964 INFO [main] org.apache.catalina.core.ApplicationContext.log ContextListener: contextDestroyed()
14-May-2021 11:45:52.897 INFO [main] org.apache.catalina.core.ApplicationContext.log ContextListener: contextInitialized()
14-May-2021 11:45:52.897 INFO [main] org.apache.catalina.core.ApplicationContext.log SessionListener: contextInitialized()
14-May-2021 11:45:52.900 INFO [main] org.apache.catalina.core.ApplicationContext.log ContextListener: attributeAdded('StockTicker', 'async.Stockticker@4fc5e095')
14-May-2021 16:05:29.220 INFO [main] org.apache.catalina.core.ApplicationContext.log SessionListener: contextDestroyed()
14-May-2021 16:05:29.220 INFO [main] org.apache.catalina.core.ApplicationContext.log ContextListener: contextDestroyed()
14-May-2021 20:21:09.308 INFO [main] org.apache.catalina.core.ApplicationContext.log ContextListener: contextInitialized()
14-May-2021 20:21:09.308 INFO [main] org.apache.catalina.core.ApplicationContext.log SessionListener: contextInitialized()
14-May-2021 20:21:09.308 INFO [main] org.apache.catalina.core.ApplicationContext.log ContextListener: attributeAdded('StockTicker', 'async.Stockticker@4bef0fe3')
14-May-2021 20:44:38.807 INFO [main] org.apache.catalina.core.ApplicationContext.log SessionListener: contextDestroyed()
14-May-2021 20:44:38.807 INFO [main] org.apache.catalina.core.ApplicationContext.log ContextListener: contextDestroyed()
14-May-2021 22:42:52.041 INFO [main] org.apache.catalina.core.ApplicationContext.log ContextListener: contextInitialized()
14-May-2021 22:42:52.041 INFO [main] org.apache.catalina.core.ApplicationContext.log SessionListener: contextInitialized()
14-May-2021 22:42:52.049 INFO [main] org.apache.catalina.core.ApplicationContext.log ContextListener: attributeAdded('StockTicker', 'async.Stockticker@4fc5e095')
14-May-2021 22:44:28.840 INFO [main] org.apache.catalina.core.ApplicationContext.log SessionListener: contextDestroyed()
14-May-2021 22:44:28.840 INFO [main] org.apache.catalina.core.ApplicationContext.log ContextListener: contextDestroyed()
14-May-2021 22:46:05.407 INFO [main] org.apache.catalina.core.ApplicationContext.log ContextListener: contextInitialized()
14-May-2021 22:46:05.407 INFO [main] org.apache.catalina.core.ApplicationContext.log SessionListener: contextInitialized()
14-May-2021 22:46:05.419 INFO [main] org.apache.catalina.core.ApplicationContext.log ContextListener: attributeAdded('StockTicker', 'async.Stockticker@435871cb')
14-May-2021 23:09:45.877 INFO [main] org.apache.catalina.core.ApplicationContext.log SessionListener: contextDestroyed()
14-May-2021 23:09:45.877 INFO [main] org.apache.catalina.core.ApplicationContext.log ContextListener: contextDestroyed()
14-May-2021 23:09:55.991 INFO [main] org.apache.catalina.core.ApplicationContext.log ContextListener: contextInitialized()
14-May-2021 23:09:55.991 INFO [main] org.apache.catalina.core.ApplicationContext.log SessionListener: contextInitialized()
14-May-2021 23:09:56.007 INFO [main] org.apache.catalina.core.ApplicationContext.log ContextListener: attributeAdded('StockTicker', 'async.Stockticker@25aeb5ac')
14-May-2021 23:12:09.859 INFO [main] org.apache.catalina.core.ApplicationContext.log SessionListener: contextDestroyed()
14-May-2021 23:12:09.859 INFO [main] org.apache.catalina.core.ApplicationContext.log ContextListener: contextDestroyed()
14-May-2021 23:27:17.228 INFO [main] org.apache.catalina.core.ApplicationContext.log ContextListener: contextInitialized()
14-May-2021 23:27:17.244 INFO [main] org.apache.catalina.core.ApplicationContext.log SessionListener: contextInitialized()
14-May-2021 23:27:17.244 INFO [main] org.apache.catalina.core.ApplicationContext.log ContextListener: attributeAdded('StockTicker', 'async.Stockticker@36068727')
14-May-2021 23:35:23.535 INFO [main] org.apache.catalina.core.ApplicationContext.log SessionListener: contextDestroyed()
14-May-2021 23:35:23.535 INFO [main] org.apache.catalina.core.ApplicationContext.log ContextListener: contextDestroyed()
14-May-2021 23:35:33.362 INFO [main] org.apache.catalina.core.ApplicationContext.log ContextListener: contextInitialized()
14-May-2021 23:35:33.362 INFO [main] org.apache.catalina.core.ApplicationContext.log SessionListener: contextInitialized()
14-May-2021 23:35:33.366 INFO [main] org.apache.catalina.core.ApplicationContext.log ContextListener: attributeAdded('StockTicker', 'async.Stockticker@738d37fc')
14-May-2021 23:38:14.052 INFO [main] org.apache.catalina.core.ApplicationContext.log SessionListener: contextDestroyed()
14-May-2021 23:38:14.052 INFO [main] org.apache.catalina.core.ApplicationContext.log ContextListener: contextDestroyed()
